<?xml version="1.0" encoding="UTF-8"?>
<!-- Generated by org.testng.reporters.JUnitReportReporter -->
<testsuite skipped="0" hostname="DESKTOP-7PT4AIA" name="com.naniTech.automation.testcases.SignInPageTest" tests="2" failures="0" timestamp="20 Sep 2018 01:44:58 GMT" time="65.232" errors="0">
  <testcase name="checkCreateAccountBtnTest" time="19.589" classname="com.naniTech.automation.testcases.SignInPageTest"/>
  <testcase name="loginLogoutAmazonTest" time="45.643" classname="com.naniTech.automation.testcases.SignInPageTest"/>
</testsuite> <!-- com.naniTech.automation.testcases.SignInPageTest -->
