<?xml version="1.0" encoding="UTF-8"?>
<!-- Generated by org.testng.reporters.JUnitReportReporter -->
<testsuite skipped="0" hostname="DESKTOP-7PT4AIA" name="com.naniTech.automation.testcases.IntroPageTest" tests="4" failures="0" timestamp="12 Sep 2018 02:48:21 GMT" time="347.950" errors="0">
  <testcase name="naviageToProducts" time="179.327" classname="com.naniTech.automation.testcases.IntroPageTest"/>
  <testcase name="checkAmazonLogoTest" time="45.518" classname="com.naniTech.automation.testcases.IntroPageTest"/>
  <testcase name="searchProductTest" time="73.461" classname="com.naniTech.automation.testcases.IntroPageTest"/>
  <testcase name="getTitleTest" time="49.644" classname="com.naniTech.automation.testcases.IntroPageTest"/>
</testsuite> <!-- com.naniTech.automation.testcases.IntroPageTest -->
