<?xml version="1.0" encoding="UTF-8"?>
<!-- Generated by org.testng.reporters.JUnitReportReporter -->
<testsuite skipped="0" hostname="DESKTOP-7PT4AIA" name="com.naniTech.automation.testcases.IntroPageTest" tests="5" failures="0" timestamp="27 Jan 2019 15:16:22 GMT" time="285.203" errors="0">
  <testcase name="getTitleTest" time="24.208" classname="com.naniTech.automation.testcases.IntroPageTest"/>
  <testcase name="checkAmazonLogoTest" time="52.660" classname="com.naniTech.automation.testcases.IntroPageTest"/>
  <testcase name="signInPageTest" time="55.670" classname="com.naniTech.automation.testcases.IntroPageTest"/>
  <testcase name="searchProductTest" time="68.183" classname="com.naniTech.automation.testcases.IntroPageTest"/>
  <testcase name="naviageToProducts" time="84.482" classname="com.naniTech.automation.testcases.IntroPageTest"/>
</testsuite> <!-- com.naniTech.automation.testcases.IntroPageTest -->
